{
  "RSpec": {
    "coverage": {
      "/Users/carteryesu/Desktop/FAD-Webapp/FAD-Webapp/app/helpers/application_helper.rb": [
        1,
        null
      ],
      "/Users/carteryesu/Desktop/FAD-Webapp/FAD-Webapp/app/helpers/foods_helper.rb": [
        1,
        null
      ],
      "/Users/carteryesu/Desktop/FAD-Webapp/FAD-Webapp/app/helpers/home_helper.rb": [
        1,
        null
      ],
      "/Users/carteryesu/Desktop/FAD-Webapp/FAD-Webapp/app/helpers/menus_helper.rb": [
        1,
        null
      ],
      "/Users/carteryesu/Desktop/FAD-Webapp/FAD-Webapp/app/helpers/restaurants_helper.rb": [
        1,
        null
      ],
      "/Users/carteryesu/Desktop/FAD-Webapp/FAD-Webapp/app/models/restaurant.rb": [
        1,
        1,
        null,
        1,
        43,
        1,
        1,
        null,
        7,
        null,
        null,
        null,
        1,
        11,
        3,
        null,
        null,
        8,
        4,
        null,
        4,
        null,
        null,
        11,
        11,
        11,
        6,
        6,
        null,
        null,
        11,
        null,
        null,
        1,
        7,
        7,
        10,
        2,
        8,
        1,
        7,
        1,
        1,
        1,
        1,
        6,
        5,
        null,
        null,
        7,
        null,
        null,
        null
      ],
      "/Users/carteryesu/Desktop/FAD-Webapp/FAD-Webapp/app/models/application_record.rb": [
        1,
        1,
        null
      ],
      "/Users/carteryesu/Desktop/FAD-Webapp/FAD-Webapp/app/models/food.rb": [
        1,
        null,
        1,
        null,
        null,
        null,
        null,
        null,
        null,
        null,
        null,
        null,
        null,
        null,
        null,
        null,
        null,
        1,
        null,
        null,
        1,
        1,
        1,
        1,
        1,
        1,
        1,
        1,
        1,
        1,
        1,
        1,
        null,
        null,
        1,
        0,
        0,
        0,
        0,
        null,
        0,
        null,
        null,
        null,
        1,
        0,
        0,
        null,
        0,
        0,
        null,
        null,
        0,
        null,
        null,
        null
      ],
      "/Users/carteryesu/Desktop/FAD-Webapp/FAD-Webapp/app/mailers/application_mailer.rb": [
        0,
        0,
        0,
        0
      ],
      "/Users/carteryesu/Desktop/FAD-Webapp/FAD-Webapp/app/jobs/application_job.rb": [
        0,
        0
      ],
      "/Users/carteryesu/Desktop/FAD-Webapp/FAD-Webapp/app/controllers/application_controller.rb": [
        0,
        0
      ],
      "/Users/carteryesu/Desktop/FAD-Webapp/FAD-Webapp/app/controllers/restaurants_controller.rb": [
        0,
        0,
        null,
        null,
        0,
        0,
        0,
        0,
        null,
        null,
        0,
        0,
        0,
        0,
        0,
        0,
        0,
        0,
        0,
        0,
        0,
        0,
        0,
        0,
        0,
        null,
        null,
        0,
        0,
        0,
        null,
        null,
        0,
        0,
        0,
        null,
        null,
        0,
        0,
        0,
        0,
        0,
        0,
        0,
        0,
        0,
        0,
        0,
        0,
        0,
        0,
        0,
        null,
        0,
        0,
        0,
        0,
        0,
        0,
        0,
        0,
        null,
        null,
        null,
        null,
        null,
        0,
        0,
        0,
        0,
        0,
        0,
        0,
        0,
        0,
        0,
        0,
        0,
        0,
        0,
        0,
        0,
        0,
        null,
        null,
        0,
        0,
        0,
        0,
        0,
        0,
        0,
        0,
        0,
        0,
        0,
        0,
        0,
        null,
        null,
        0,
        0,
        0,
        0,
        0,
        0,
        0,
        0,
        0,
        0,
        0,
        0,
        0,
        0,
        0,
        0,
        null,
        null,
        0,
        0,
        0,
        0,
        0,
        0,
        0,
        0,
        0,
        null,
        null,
        0,
        0,
        0,
        0,
        0,
        null,
        null,
        0,
        0,
        0,
        0,
        0,
        0,
        0,
        0,
        0,
        0,
        0,
        0,
        0,
        null,
        0,
        null,
        0,
        0,
        0,
        null,
        0,
        0,
        0,
        0,
        null,
        0
      ],
      "/Users/carteryesu/Desktop/FAD-Webapp/FAD-Webapp/app/controllers/home_controller.rb": [
        0,
        0,
        0,
        null,
        null,
        0
      ],
      "/Users/carteryesu/Desktop/FAD-Webapp/FAD-Webapp/app/channels/application_cable/connection.rb": [
        0,
        0,
        0,
        0
      ],
      "/Users/carteryesu/Desktop/FAD-Webapp/FAD-Webapp/app/channels/application_cable/channel.rb": [
        0,
        0,
        0,
        0
      ]
    },
    "timestamp": 1531237433
  },
  "Cucumber Features": {
    "coverage": {
      "/Users/carteryesu/Desktop/FAD-Webapp/FAD-Webapp/app/models/restaurant.rb": [
        1,
        1,
        null,
        1,
        21,
        1,
        1,
        null,
        7,
        null,
        null,
        null,
        1,
        null,
        4,
        4,
        null,
        null,
        0,
        0,
        null,
        0,
        null,
        null,
        null,
        null,
        4,
        0,
        0,
        null,
        0,
        null,
        null,
        4,
        4,
        null,
        0,
        null,
        null,
        null,
        4,
        4,
        4,
        null,
        null,
        4,
        10,
        6,
        6,
        null,
        null,
        null,
        4,
        4,
        4,
        0,
        0,
        null,
        null,
        4,
        null,
        null,
        null,
        1,
        0,
        0,
        0,
        0,
        0,
        0,
        0,
        0,
        0,
        0,
        null,
        null,
        0,
        null,
        null,
        null
      ],
      "/Users/carteryesu/Desktop/FAD-Webapp/FAD-Webapp/app/models/application_record.rb": [
        1,
        1,
        null
      ],
      "/Users/carteryesu/Desktop/FAD-Webapp/FAD-Webapp/app/controllers/home_controller.rb": [
        1,
        1,
        null,
        null,
        null,
        null
      ],
      "/Users/carteryesu/Desktop/FAD-Webapp/FAD-Webapp/app/controllers/application_controller.rb": [
        1,
        1,
        null
      ],
      "/Users/carteryesu/Desktop/FAD-Webapp/FAD-Webapp/app/helpers/application_helper.rb": [
        1,
        null
      ],
      "/Users/carteryesu/Desktop/FAD-Webapp/FAD-Webapp/app/helpers/foods_helper.rb": [
        1,
        null
      ],
      "/Users/carteryesu/Desktop/FAD-Webapp/FAD-Webapp/app/helpers/home_helper.rb": [
        1,
        null
      ],
      "/Users/carteryesu/Desktop/FAD-Webapp/FAD-Webapp/app/helpers/menus_helper.rb": [
        1,
        null
      ],
      "/Users/carteryesu/Desktop/FAD-Webapp/FAD-Webapp/app/helpers/restaurants_helper.rb": [
        1,
        null
      ],
      "/Users/carteryesu/Desktop/FAD-Webapp/FAD-Webapp/app/models/food.rb": [
        1,
        null,
        1,
        null,
        null,
        null,
        null,
        null,
        null,
        null,
        null,
        null,
        null,
        null,
        null,
        null,
        null,
        1,
        null,
        null,
        1,
        1,
        1,
        1,
        1,
        1,
        1,
        1,
        1,
        1,
        1,
        1,
        null,
        null,
        1,
        0,
        0,
        0,
        0,
        null,
        0,
        null,
        null,
        null,
        1,
        13,
        13,
        null,
        260,
        169,
        null,
        null,
        13,
        null,
        null,
        null
      ],
      "/Users/carteryesu/Desktop/FAD-Webapp/FAD-Webapp/app/controllers/restaurants_controller.rb": [
        1,
        1,
        null,
        null,
        1,
        1,
        0,
        null,
        null,
        null,
        1,
        0,
        0,
        0,
        0,
        null,
        0,
        0,
        0,
        null,
        0,
        0,
        null,
        null,
        null,
        null,
        null,
        1,
        0,
        null,
        null,
        null,
        1,
        0,
        null,
        null,
        null,
        1,
        0,
        0,
        0,
        0,
        0,
        0,
        null,
        null,
        0,
        0,
        null,
        0,
        null,
        null,
        null,
        null,
        1,
        0,
        0,
        0,
        0,
        null,
        0,
        null,
        null,
        null,
        null,
        1,
        0,
        0,
        0,
        null,
        null,
        null,
        1,
        null,
        4,
        4,
        null,
        4,
        4,
        4,
        4,
        4,
        0,
        0,
        0,
        null,
        4,
        4,
        4,
        4,
        4,
        4,
        4,
        0,
        null,
        4,
        null,
        4,
        null,
        null,
        null,
        null,
        null,
        1,
        0,
        0,
        0,
        0,
        0,
        null,
        null,
        null,
        null,
        null,
        null,
        null,
        1,
        0,
        0,
        0,
        0,
        0,
        0,
        0,
        0,
        0,
        0,
        0,
        0,
        null,
        null,
        0,
        null,
        null,
        null,
        1,
        0,
        0,
        0,
        0,
        0,
        0,
        0,
        0,
        0,
        null,
        null,
        null,
        null,
        null,
        1,
        0,
        0,
        0,
        0,
        0,
        0,
        0,
        0,
        0,
        null,
        0,
        0,
        null,
        null,
        null,
        null,
        1,
        null,
        1,
        0,
        null,
        null,
        1,
        4,
        4,
        null,
        null,
        1,
        0,
        0,
        null,
        0,
        null,
        null,
        null,
        1,
        4,
        null,
        4,
        null,
        null,
        0,
        null,
        null,
        null,
        null,
        null,
        null,
        1,
        4,
        4,
        0,
        null,
        4,
        4,
        null,
        4,
        16,
        null,
        4,
        null,
        null,
        1,
        4,
        4,
        4,
        4,
        22,
        6,
        null,
        null,
        4,
        null,
        null,
        1,
        0,
        0,
        0,
        0,
        null,
        0,
        null,
        null,
        null,
        null,
        null,
        null,
        null,
        null,
        null,
        null,
        null,
        null,
        null,
        null,
        null,
        null,
        null,
        null,
        null,
        null,
        null,
        null,
        null,
        null,
        null,
        null,
        null,
        null,
        null,
        null,
        null,
        null,
        null,
        null,
        null,
        null,
        null,
        null,
        null,
        null,
        null
      ],
      "/Users/carteryesu/Desktop/FAD-Webapp/FAD-Webapp/app/mailers/application_mailer.rb": [
        0,
        0,
        0,
        0
      ],
      "/Users/carteryesu/Desktop/FAD-Webapp/FAD-Webapp/app/jobs/application_job.rb": [
        0,
        0
      ],
      "/Users/carteryesu/Desktop/FAD-Webapp/FAD-Webapp/app/channels/application_cable/connection.rb": [
        0,
        0,
        0,
        0
      ],
      "/Users/carteryesu/Desktop/FAD-Webapp/FAD-Webapp/app/channels/application_cable/channel.rb": [
        0,
        0,
        0,
        0
      ]
    },
    "timestamp": 1531774700
  }
}
