{
  "RSpec": {
    "coverage": {
      "/Users/carteryesu/Desktop/FAD-Webapp/FAD-Webapp/app/helpers/application_helper.rb": [
        1,
        null
      ],
      "/Users/carteryesu/Desktop/FAD-Webapp/FAD-Webapp/app/helpers/home_helper.rb": [
        1,
        null
      ],
      "/Users/carteryesu/Desktop/FAD-Webapp/FAD-Webapp/app/helpers/restaurants_helper.rb": [
        1,
        null
      ],
      "/Users/carteryesu/Desktop/FAD-Webapp/FAD-Webapp/app/models/restaurant.rb": [
        1,
        1,
        null,
        null
      ],
      "/Users/carteryesu/Desktop/FAD-Webapp/FAD-Webapp/app/models/application_record.rb": [
        1,
        1,
        null
      ],
      "/Users/carteryesu/Desktop/FAD-Webapp/FAD-Webapp/app/mailers/application_mailer.rb": [
        0,
        0,
        0,
        0
      ],
      "/Users/carteryesu/Desktop/FAD-Webapp/FAD-Webapp/app/models/food.rb": [
        0,
        0
      ],
      "/Users/carteryesu/Desktop/FAD-Webapp/FAD-Webapp/app/models/menu.rb": [
        0,
        0,
        null,
        null,
        null,
        0
      ],
      "/Users/carteryesu/Desktop/FAD-Webapp/FAD-Webapp/app/jobs/application_job.rb": [
        0,
        0
      ],
      "/Users/carteryesu/Desktop/FAD-Webapp/FAD-Webapp/app/controllers/application_controller.rb": [
        0,
        0
      ],
      "/Users/carteryesu/Desktop/FAD-Webapp/FAD-Webapp/app/controllers/restaurants_controller.rb": [
        0,
        0,
        null,
        null,
        null,
        0,
        0,
        0,
        null,
        null,
        null,
        0,
        0,
        null,
        null,
        0,
        0,
        0,
        null,
        null,
        0,
        0,
        null,
        null,
        null,
        0,
        0,
        null,
        0,
        0,
        0,
        0,
        0,
        0,
        0,
        0,
        0,
        0,
        null,
        null,
        null,
        0,
        0,
        0,
        0,
        0,
        0,
        0,
        0,
        0,
        0,
        0,
        null,
        null,
        null,
        0,
        0,
        0,
        0,
        0,
        0,
        0,
        null,
        0,
        null,
        0,
        null,
        0,
        0,
        0,
        0,
        null,
        0,
        0,
        0,
        null,
        null,
        0,
        0,
        0,
        0
      ],
      "/Users/carteryesu/Desktop/FAD-Webapp/FAD-Webapp/app/controllers/home_controller.rb": [
        0,
        0,
        0,
        null,
        0,
        null,
        0,
        null,
        0
      ],
      "/Users/carteryesu/Desktop/FAD-Webapp/FAD-Webapp/app/channels/application_cable/connection.rb": [
        0,
        0,
        0,
        0
      ],
      "/Users/carteryesu/Desktop/FAD-Webapp/FAD-Webapp/app/channels/application_cable/channel.rb": [
        0,
        0,
        0,
        0
      ]
    },
    "timestamp": 1530044909
  }
}
